Arguments: 
  C:\Program Files\nodejs\node.exe C:\Users\danie\AppData\Roaming\npm\node_modules\yarn\bin\yarn.js

PATH: 
  C:\Users\danie\bin;C:\Program Files\Git\mingw64\bin;C:\Program Files\Git\usr\local\bin;C:\Program Files\Git\usr\bin;C:\Program Files\Git\usr\bin;C:\Program Files\Git\mingw64\bin;C:\Program Files\Git\usr\bin;C:\Users\danie\bin;C:\Python39\Scripts;C:\Python39;C:\windows\system3;.;C:\windows;C:\windows\System32\Wbem;C:\windows\System32\WindowsPowerShell\v1.0;C:\windows\System32\OpenSSH;C:\Program Files (x86)\NVIDIA Corporation\PhysX\Common;C:\Program Files\NVIDIA Corporation\NVIDIA NvDLISR;C:\Program Files\Java\jdk-11.0.4\bin;C:\WINDOWS\system32;C:\WINDOWS;C:\WINDOWS\System32\Wbem;C:\WINDOWS\System32\WindowsPowerShell\v1.0;C:\WINDOWS\System32\OpenSSH;C:\xampp\php;C:\ProgramData\ComposerSetup\bin;C:\ProgramData\chocolatey\bin;C:\Program Files (x86)\HP\Common\HPDestPlgIn;C:\Program Files\Docker\Docker\resources\bin;C:\ProgramData\DockerDesktop\version-bin;C:\laragon\bin\php\php-7.4.19-Win32-vc15-x64;C:\Program Files\PowerShell\7;C:\Users\danie\AppData\Roaming\nvm;C:\Program Files\nodejs;C:\Program Files\Git\cmd;C:\Users\danie\AppData\Local\Programs\Python\Python38-32\Scripts;C:\Users\danie\AppData\Local\Programs\Python\Python38-32;C:\Users\danie\AppData\Local\Microsoft\WindowsApps;C:\Users\danie\AppData\Local\Programs\Microsoft VS Code\bin;C:\Users\danie\AppData\Roaming\Composer\vendor\bin;C:\MongoDB\bin;C:\Users\danie\AppData\Roaming\npm;C:\Program Files\heroku\bin;C:\Users\danie\AppData\Roaming\nvm;C:\Program Files\nodejs;C:\Program Files\Git\usr\bin\vendor_perl;C:\Program Files\Git\usr\bin\core_perl

Yarn version: 
  1.22.17

Node version: 
  14.17.6

Platform: 
  win32 x64

Trace: 
  Error: EPERM: operation not permitted, copyfile 'C:\Users\danie\AppData\Local\Yarn\Cache\v6\npm-unquote-1.1.1-8fded7324ec6e88a0ff8b905e7c098cdc086d544-integrity\node_modules\unquote\package.json' -> 'E:\belajar\udemy\nestjs\2-front-end\app-kuliner-frontend\node_modules\unquote\package.json'

npm manifest: 
  {
    "name": "nestjs-course-frontend",
    "version": "0.1.0",
    "private": true,
    "dependencies": {
      "@material-ui/core": "^4.0.0",
      "@material-ui/icons": "^4.0.0",
      "axios": "^0.18.0",
      "mobx": "^5.9.4",
      "mobx-react": "^5.4.4",
      "mobx-react-router": "^4.0.7",
      "node-sass": "^4.12.0",
      "query-string": "^6.5.0",
      "react": "^16.8.6",
      "react-dom": "^16.8.6",
      "react-router": "^5.0.0",
      "react-router-dom": "^5.2.0",
      "react-scripts": "3.0.1",
      "rxjs": "^6.5.2",
      "styled-components": "^4.2.0",
      "typescript": "^3.4.5"
    },
    "scripts": {
      "start": "cross-env PORT=3001 react-app-rewired start",
      "build": "cross-env react-app-rewired build",
      "test": "cross-env react-app-rewired test --env=jsdom",
      "eject": "cross-env react-scripts eject"
    },
    "eslintConfig": {
      "extends": "react-app"
    },
    "browserslist": {
      "production": [
        ">0.2%",
        "not dead",
        "not op_mini all"
      ],
      "development": [
        "last 1 chrome version",
        "last 1 firefox version",
        "last 1 safari version"
      ]
    },
    "devDependencies": {
      "@babel/cli": "^7.16.0",
      "@babel/core": "^7.16.0",
      "@babel/helper-builder-react-jsx": "^7.16.0",
      "@babel/helper-define-map": "^7.16.0",
      "@babel/helper-regex": "^7.10.5",
      "@babel/plugin-proposal-class-properties": "^7.4.4",
      "@babel/plugin-proposal-decorators": "^7.4.4",
      "cross-env": "^7.0.3",
      "customize-cra": "^0.2.12",
      "react-app-rewired": "^2.1.3"
    },
    "babel": {
      "plugins": [
        [
          "@babel/plugin-proposal-decorators",
          {
            "legacy": true
          }
        ],
        [
          "@babel/plugin-proposal-class-properties",
          {
            "loose": true
          }
        ]
      ]
    }
  }

yarn manifest: 
  No manifest

Lockfile: 
  No lockfile
